<?xml version="1.0" encoding="UTF-8"?>
<testng-results ignored="0" total="1" passed="1" failed="0" skipped="0">
  <reporter-output>
  </reporter-output>
  <suite started-at="2025-12-23T18:12:41 IST" name="Surefire suite" finished-at="2025-12-23T18:12:44 IST" duration-ms="3357">
    <groups>
    </groups>
    <test started-at="2025-12-23T18:12:41 IST" name="Surefire test" finished-at="2025-12-23T18:12:44 IST" duration-ms="3357">
      <class name="tests.LoginTest">
        <test-method is-config="true" signature="setup()[pri:0, instance:tests.LoginTest@12b0404f]" started-at="2025-12-23T18:12:41 IST" name="setup" finished-at="2025-12-23T18:12:43 IST" duration-ms="2078" status="PASS">
          <reporter-output>
          </reporter-output>
        </test-method> <!-- setup -->
        <test-method signature="testValidLogin()[pri:0, instance:tests.LoginTest@12b0404f]" started-at="2025-12-23T18:12:43 IST" name="testValidLogin" finished-at="2025-12-23T18:12:44 IST" duration-ms="1074" status="PASS">
          <reporter-output>
          </reporter-output>
        </test-method> <!-- testValidLogin -->
        <test-method is-config="true" signature="teardown()[pri:0, instance:tests.LoginTest@12b0404f]" started-at="2025-12-23T18:12:44 IST" name="teardown" finished-at="2025-12-23T18:12:44 IST" duration-ms="159" status="PASS">
          <reporter-output>
          </reporter-output>
        </test-method> <!-- teardown -->
      </class> <!-- tests.LoginTest -->
    </test> <!-- Surefire test -->
  </suite> <!-- Surefire suite -->
</testng-results>
